{"contracts/ERC20.sol":{"l":{"43":2,"44":2,"45":2,"46":2,"47":2,"48":2,"59":16,"60":15,"61":14,"62":13,"63":13,"64":13,"74":14,"75":13,"76":12,"77":12,"78":10,"79":10,"80":10,"90":10,"91":10,"92":10,"103":0,"104":0,"105":0,"106":0,"116":1,"117":1,"118":1,"119":1,"120":1,"130":2,"131":1,"132":1,"133":1,"134":1,"135":1,"136":1,"146":2,"156":13,"166":3,"177":1},"path":"/home/peter/Documents/Work/MyBit/MyBit-Options.tech/contracts/ERC20.sol","s":{"1":2,"2":2,"3":2,"4":2,"5":2,"6":2,"7":16,"8":15,"9":14,"10":13,"11":13,"12":13,"13":14,"14":13,"15":12,"16":12,"17":10,"18":10,"19":10,"20":10,"21":10,"22":10,"23":0,"24":0,"25":0,"26":0,"27":1,"28":1,"29":1,"30":1,"31":1,"32":2,"33":1,"34":1,"35":1,"36":1,"37":1,"38":1,"39":2,"40":13,"41":3,"42":1},"b":{"1":[15,1],"2":[14,1],"3":[13,1],"4":[12,1],"5":[1,1]},"f":{"1":2,"2":16,"3":14,"4":10,"5":0,"6":1,"7":2,"8":2,"9":13,"10":3,"11":1},"fnMap":{"1":{"name":null,"line":41,"loc":{"start":{"line":41,"column":4},"end":{"line":42,"column":12}}},"2":{"name":"transfer","line":56,"loc":{"start":{"line":56,"column":4},"end":{"line":58,"column":28}}},"3":{"name":"transferFrom","line":71,"loc":{"start":{"line":71,"column":4},"end":{"line":73,"column":28}}},"4":{"name":"approve","line":87,"loc":{"start":{"line":87,"column":4},"end":{"line":89,"column":28}}},"5":{"name":"approveAndCall","line":100,"loc":{"start":{"line":100,"column":4},"end":{"line":102,"column":28}}},"6":{"name":"burn","line":113,"loc":{"start":{"line":113,"column":4},"end":{"line":115,"column":28}}},"7":{"name":"burnFrom","line":127,"loc":{"start":{"line":127,"column":4},"end":{"line":129,"column":28}}},"8":{"name":"totalSupply","line":142,"loc":{"start":{"line":142,"column":4},"end":{"line":145,"column":32}}},"9":{"name":"balanceOf","line":152,"loc":{"start":{"line":152,"column":4},"end":{"line":155,"column":28}}},"10":{"name":"allowance","line":162,"loc":{"start":{"line":162,"column":4},"end":{"line":165,"column":30}}},"11":{"name":null,"line":174,"loc":{"start":{"line":174,"column":4},"end":{"line":176,"column":13}}}},"statementMap":{"1":{"start":{"line":43,"column":8},"end":{"line":43,"column":44}},"2":{"start":{"line":44,"column":8},"end":{"line":44,"column":30}},"3":{"start":{"line":45,"column":8},"end":{"line":45,"column":24}},"4":{"start":{"line":46,"column":8},"end":{"line":46,"column":31}},"5":{"start":{"line":47,"column":8},"end":{"line":47,"column":28}},"6":{"start":{"line":48,"column":8},"end":{"line":48,"column":61}},"7":{"start":{"line":59,"column":8},"end":{"line":59,"column":33}},"8":{"start":{"line":60,"column":8},"end":{"line":60,"column":36}},"9":{"start":{"line":61,"column":8},"end":{"line":61,"column":63}},"10":{"start":{"line":62,"column":8},"end":{"line":62,"column":49}},"11":{"start":{"line":63,"column":8},"end":{"line":63,"column":47}},"12":{"start":{"line":64,"column":8},"end":{"line":64,"column":19}},"13":{"start":{"line":74,"column":8},"end":{"line":74,"column":33}},"14":{"start":{"line":75,"column":8},"end":{"line":75,"column":36}},"15":{"start":{"line":76,"column":8},"end":{"line":76,"column":53}},"16":{"start":{"line":77,"column":8},"end":{"line":77,"column":75}},"17":{"start":{"line":78,"column":8},"end":{"line":78,"column":49}},"18":{"start":{"line":79,"column":8},"end":{"line":79,"column":42}},"19":{"start":{"line":80,"column":8},"end":{"line":80,"column":19}},"20":{"start":{"line":90,"column":8},"end":{"line":90,"column":46}},"21":{"start":{"line":91,"column":8},"end":{"line":91,"column":52}},"22":{"start":{"line":92,"column":8},"end":{"line":92,"column":19}},"23":{"start":{"line":103,"column":8},"end":{"line":103,"column":46}},"24":{"start":{"line":104,"column":8},"end":{"line":104,"column":52}},"25":{"start":{"line":105,"column":8},"end":{"line":105,"column":39}},"26":{"start":{"line":106,"column":8},"end":{"line":106,"column":19}},"27":{"start":{"line":116,"column":8},"end":{"line":116,"column":63}},"28":{"start":{"line":117,"column":8},"end":{"line":117,"column":35}},"29":{"start":{"line":118,"column":8},"end":{"line":118,"column":41}},"30":{"start":{"line":119,"column":8},"end":{"line":119,"column":54}},"31":{"start":{"line":120,"column":8},"end":{"line":120,"column":19}},"32":{"start":{"line":130,"column":8},"end":{"line":130,"column":53}},"33":{"start":{"line":131,"column":8},"end":{"line":131,"column":53}},"34":{"start":{"line":132,"column":8},"end":{"line":132,"column":75}},"35":{"start":{"line":133,"column":8},"end":{"line":133,"column":35}},"36":{"start":{"line":134,"column":8},"end":{"line":134,"column":36}},"37":{"start":{"line":135,"column":8},"end":{"line":135,"column":49}},"38":{"start":{"line":136,"column":8},"end":{"line":136,"column":19}},"39":{"start":{"line":146,"column":8},"end":{"line":146,"column":21}},"40":{"start":{"line":156,"column":8},"end":{"line":156,"column":37}},"41":{"start":{"line":166,"column":8},"end":{"line":166,"column":46}},"42":{"start":{"line":177,"column":8},"end":{"line":177,"column":15}}},"branchMap":{"1":{"line":59,"type":"if","locations":[{"start":{"line":59,"column":8},"end":{"line":59,"column":8}},{"start":{"line":59,"column":8},"end":{"line":59,"column":8}}]},"2":{"line":60,"type":"if","locations":[{"start":{"line":60,"column":8},"end":{"line":60,"column":8}},{"start":{"line":60,"column":8},"end":{"line":60,"column":8}}]},"3":{"line":74,"type":"if","locations":[{"start":{"line":74,"column":8},"end":{"line":74,"column":8}},{"start":{"line":74,"column":8},"end":{"line":74,"column":8}}]},"4":{"line":75,"type":"if","locations":[{"start":{"line":75,"column":8},"end":{"line":75,"column":8}},{"start":{"line":75,"column":8},"end":{"line":75,"column":8}}]},"5":{"line":130,"type":"if","locations":[{"start":{"line":130,"column":8},"end":{"line":130,"column":8}},{"start":{"line":130,"column":8},"end":{"line":130,"column":8}}]}}},"contracts/interfaces/ERC20Interface.sol":{"l":{},"path":"/home/peter/Documents/Work/MyBit/MyBit-Options.tech/contracts/interfaces/ERC20Interface.sol","s":{},"b":{},"f":{},"fnMap":{},"statementMap":{},"branchMap":{}},"contracts/MyBitBurner.sol":{"l":{"20":0,"21":0,"30":0,"32":0,"33":0,"34":0,"43":0,"44":0,"45":0,"46":0,"55":0,"56":0,"57":0,"58":0,"65":0,"74":0,"75":0},"path":"/home/peter/Documents/Work/MyBit/MyBit-Options.tech/contracts/MyBitBurner.sol","s":{"1":0,"2":0,"3":0,"4":0,"5":0,"6":0,"7":0,"8":0,"9":0,"10":0,"11":0,"12":0,"13":0,"14":0,"15":0},"b":{"1":[0,0],"2":[0,0],"3":[0,0],"4":[0,0],"5":[0,0]},"f":{"1":0,"2":0,"3":0,"4":0,"5":0,"6":0},"fnMap":{"1":{"name":null,"line":18,"loc":{"start":{"line":18,"column":2},"end":{"line":19,"column":10}}},"2":{"name":"burn","line":27,"loc":{"start":{"line":27,"column":2},"end":{"line":29,"column":18}}},"3":{"name":"authorizeBurner","line":39,"loc":{"start":{"line":39,"column":2},"end":{"line":42,"column":18}}},"4":{"name":"removeBurner","line":51,"loc":{"start":{"line":51,"column":2},"end":{"line":54,"column":18}}},"5":{"name":null,"line":62,"loc":{"start":{"line":62,"column":2},"end":{"line":64,"column":12}}},"6":{"name":"onlyOwner","line":73,"loc":{"start":{"line":73,"column":2},"end":{"line":73,"column":20}}}},"statementMap":{"1":{"start":{"line":20,"column":4},"end":{"line":20,"column":39}},"2":{"start":{"line":21,"column":4},"end":{"line":21,"column":21}},"3":{"start":{"line":30,"column":4},"end":{"line":30,"column":40}},"4":{"start":{"line":32,"column":4},"end":{"line":32,"column":52}},"5":{"start":{"line":33,"column":4},"end":{"line":33,"column":56}},"6":{"start":{"line":34,"column":4},"end":{"line":34,"column":15}},"7":{"start":{"line":43,"column":4},"end":{"line":43,"column":47}},"8":{"start":{"line":44,"column":4},"end":{"line":44,"column":44}},"9":{"start":{"line":45,"column":4},"end":{"line":45,"column":58}},"10":{"start":{"line":46,"column":4},"end":{"line":46,"column":15}},"11":{"start":{"line":55,"column":4},"end":{"line":55,"column":46}},"12":{"start":{"line":57,"column":4},"end":{"line":57,"column":55}},"13":{"start":{"line":58,"column":4},"end":{"line":58,"column":15}},"14":{"start":{"line":65,"column":4},"end":{"line":65,"column":11}},"15":{"start":{"line":74,"column":4},"end":{"line":74,"column":31}}},"branchMap":{"1":{"line":30,"type":"if","locations":[{"start":{"line":30,"column":4},"end":{"line":30,"column":4}},{"start":{"line":30,"column":4},"end":{"line":30,"column":4}}]},"2":{"line":32,"type":"if","locations":[{"start":{"line":32,"column":4},"end":{"line":32,"column":4}},{"start":{"line":32,"column":4},"end":{"line":32,"column":4}}]},"3":{"line":43,"type":"if","locations":[{"start":{"line":43,"column":4},"end":{"line":43,"column":4}},{"start":{"line":43,"column":4},"end":{"line":43,"column":4}}]},"4":{"line":55,"type":"if","locations":[{"start":{"line":55,"column":4},"end":{"line":55,"column":4}},{"start":{"line":55,"column":4},"end":{"line":55,"column":4}}]},"5":{"line":74,"type":"if","locations":[{"start":{"line":74,"column":4},"end":{"line":74,"column":4}},{"start":{"line":74,"column":4},"end":{"line":74,"column":4}}]}}},"contracts/MyBitDapp.sol":{"l":{"17":1,"24":0,"25":0,"26":0,"31":0,"32":0,"37":0,"41":0,"45":0,"49":12},"path":"/home/peter/Documents/Work/MyBit/MyBit-Options.tech/contracts/MyBitDapp.sol","s":{"1":1,"2":0,"3":0,"4":0,"5":0,"6":0,"7":0,"8":0,"9":0,"10":12},"b":{"1":[0,0],"2":[0,0],"3":[0,0]},"f":{"1":1,"2":0,"3":0,"4":0,"5":0,"6":0,"7":12},"fnMap":{"1":{"name":null,"line":16,"loc":{"start":{"line":16,"column":2},"end":{"line":16,"column":21}}},"2":{"name":"closeContract","line":22,"loc":{"start":{"line":22,"column":2},"end":{"line":23,"column":12}}},"3":{"name":"changeMYBFee","line":29,"loc":{"start":{"line":29,"column":2},"end":{"line":30,"column":12}}},"4":{"name":"encode","line":36,"loc":{"start":{"line":36,"column":2},"end":{"line":36,"column":75}}},"5":{"name":"encode","line":40,"loc":{"start":{"line":40,"column":2},"end":{"line":40,"column":90}}},"6":{"name":"encode","line":44,"loc":{"start":{"line":44,"column":2},"end":{"line":44,"column":87}}},"7":{"name":"encode","line":48,"loc":{"start":{"line":48,"column":2},"end":{"line":48,"column":114}}}},"statementMap":{"1":{"start":{"line":17,"column":4},"end":{"line":17,"column":21}},"2":{"start":{"line":24,"column":4},"end":{"line":24,"column":31}},"3":{"start":{"line":25,"column":4},"end":{"line":25,"column":21}},"4":{"start":{"line":26,"column":4},"end":{"line":26,"column":17}},"5":{"start":{"line":31,"column":4},"end":{"line":31,"column":31}},"6":{"start":{"line":32,"column":4},"end":{"line":32,"column":19}},"7":{"start":{"line":37,"column":4},"end":{"line":37,"column":53}},"8":{"start":{"line":41,"column":4},"end":{"line":41,"column":60}},"9":{"start":{"line":45,"column":4},"end":{"line":45,"column":60}},"10":{"start":{"line":49,"column":4},"end":{"line":49,"column":74}}},"branchMap":{"1":{"line":24,"type":"if","locations":[{"start":{"line":24,"column":4},"end":{"line":24,"column":4}},{"start":{"line":24,"column":4},"end":{"line":24,"column":4}}]},"2":{"line":25,"type":"if","locations":[{"start":{"line":25,"column":4},"end":{"line":25,"column":4}},{"start":{"line":25,"column":4},"end":{"line":25,"column":4}}]},"3":{"line":31,"type":"if","locations":[{"start":{"line":31,"column":4},"end":{"line":31,"column":4}},{"start":{"line":31,"column":4},"end":{"line":31,"column":4}}]}}},"contracts/SafeMath.sol":{"l":{"14":37,"15":1,"17":36,"18":36,"19":35,"29":35,"36":59,"37":55,"44":37,"45":37,"46":36,"56":1,"64":1,"65":1,"66":1,"68":1},"path":"/home/peter/Documents/Work/MyBit/MyBit-Options.tech/contracts/SafeMath.sol","s":{"1":37,"2":1,"3":36,"4":36,"5":35,"6":35,"7":59,"8":55,"9":37,"10":37,"11":36,"12":1,"13":1,"14":1,"15":1},"b":{"1":[1,36],"2":[35,1],"3":[55,4],"4":[36,1]},"f":{"1":37,"2":35,"3":59,"4":37,"5":1,"6":1},"fnMap":{"1":{"name":"mul","line":13,"loc":{"start":{"line":13,"column":2},"end":{"line":13,"column":68}}},"2":{"name":"div","line":25,"loc":{"start":{"line":25,"column":2},"end":{"line":25,"column":68}}},"3":{"name":"sub","line":35,"loc":{"start":{"line":35,"column":2},"end":{"line":35,"column":68}}},"4":{"name":"add","line":43,"loc":{"start":{"line":43,"column":2},"end":{"line":43,"column":68}}},"5":{"name":"getFractionalAmount","line":52,"loc":{"start":{"line":52,"column":2},"end":{"line":55,"column":21}}},"6":{"name":"bytesToUint","line":63,"loc":{"start":{"line":63,"column":2},"end":{"line":63,"column":63}}}},"statementMap":{"1":{"start":{"line":14,"column":4},"end":{"line":14,"column":740}},"2":{"start":{"line":15,"column":6},"end":{"line":15,"column":14}},"3":{"start":{"line":17,"column":4},"end":{"line":17,"column":20}},"4":{"start":{"line":18,"column":4},"end":{"line":18,"column":21}},"5":{"start":{"line":19,"column":4},"end":{"line":19,"column":12}},"6":{"start":{"line":29,"column":4},"end":{"line":29,"column":16}},"7":{"start":{"line":36,"column":4},"end":{"line":36,"column":17}},"8":{"start":{"line":37,"column":4},"end":{"line":37,"column":16}},"9":{"start":{"line":44,"column":4},"end":{"line":44,"column":20}},"10":{"start":{"line":45,"column":4},"end":{"line":45,"column":17}},"11":{"start":{"line":46,"column":4},"end":{"line":46,"column":12}},"12":{"start":{"line":56,"column":4},"end":{"line":56,"column":46}},"13":{"start":{"line":65,"column":6},"end":{"line":65,"column":2949}},"14":{"start":{"line":66,"column":10},"end":{"line":66,"column":69}},"15":{"start":{"line":68,"column":6},"end":{"line":68,"column":19}}},"branchMap":{"1":{"line":14,"type":"if","locations":[{"start":{"line":14,"column":4},"end":{"line":14,"column":4}},{"start":{"line":14,"column":4},"end":{"line":14,"column":4}}]},"2":{"line":18,"type":"if","locations":[{"start":{"line":18,"column":4},"end":{"line":18,"column":4}},{"start":{"line":18,"column":4},"end":{"line":18,"column":4}}]},"3":{"line":36,"type":"if","locations":[{"start":{"line":36,"column":4},"end":{"line":36,"column":4}},{"start":{"line":36,"column":4},"end":{"line":36,"column":4}}]},"4":{"line":45,"type":"if","locations":[{"start":{"line":45,"column":4},"end":{"line":45,"column":4}},{"start":{"line":45,"column":4},"end":{"line":45,"column":4}}]}}},"contracts/SafeMathWrapper.sol":{"l":{"10":3,"14":1,"18":2,"22":2,"26":1,"30":1},"path":"/home/peter/Documents/Work/MyBit/MyBit-Options.tech/contracts/SafeMathWrapper.sol","s":{"1":3,"2":1,"3":2,"4":2,"5":1,"6":1},"b":{},"f":{"1":3,"2":1,"3":2,"4":2,"5":1,"6":1},"fnMap":{"1":{"name":"multiply","line":9,"loc":{"start":{"line":9,"column":2},"end":{"line":9,"column":73}}},"2":{"name":"divide","line":13,"loc":{"start":{"line":13,"column":2},"end":{"line":13,"column":71}}},"3":{"name":"subtract","line":17,"loc":{"start":{"line":17,"column":2},"end":{"line":17,"column":73}}},"4":{"name":"addto","line":21,"loc":{"start":{"line":21,"column":2},"end":{"line":21,"column":70}}},"5":{"name":"fraction","line":25,"loc":{"start":{"line":25,"column":2},"end":{"line":25,"column":89}}},"6":{"name":"getUint","line":29,"loc":{"start":{"line":29,"column":2},"end":{"line":29,"column":58}}}},"statementMap":{"1":{"start":{"line":10,"column":4},"end":{"line":10,"column":19}},"2":{"start":{"line":14,"column":4},"end":{"line":14,"column":19}},"3":{"start":{"line":18,"column":4},"end":{"line":18,"column":19}},"4":{"start":{"line":22,"column":4},"end":{"line":22,"column":19}},"5":{"start":{"line":26,"column":4},"end":{"line":26,"column":51}},"6":{"start":{"line":30,"column":4},"end":{"line":30,"column":26}}},"branchMap":{}},"contracts/StringUtils.sol":{"l":{"8":15,"9":15,"10":15,"11":15,"13":15,"14":30,"15":7,"17":1,"18":7,"19":0,"21":0,"23":7,"27":15,"32":0,"33":0,"34":0,"35":0,"37":0,"40":0,"41":0,"43":0,"45":0,"46":0,"48":0,"50":0,"51":0,"54":0},"path":"/home/peter/Documents/Work/MyBit/MyBit-Options.tech/contracts/StringUtils.sol","s":{"1":15,"2":15,"3":15,"4":15,"5":7,"6":15,"7":30,"8":7,"9":23,"10":1,"11":7,"12":0,"13":7,"14":0,"15":7,"16":15,"17":0,"18":0,"19":0,"20":0,"21":0,"22":0,"23":0,"24":0,"25":0,"26":0,"27":0,"28":0,"29":0,"30":0},"b":{"1":[7,8],"2":[7,23],"3":[1,22],"4":[0,7],"5":[0,7],"6":[0,0],"7":[0,0],"8":[0,0],"9":[0,0]},"f":{"1":15,"2":15,"3":0},"fnMap":{"1":{"name":"compare","line":7,"loc":{"start":{"line":7,"column":4},"end":{"line":7,"column":68}}},"2":{"name":"equal","line":26,"loc":{"start":{"line":26,"column":4},"end":{"line":26,"column":67}}},"3":{"name":"indexOf","line":30,"loc":{"start":{"line":30,"column":4},"end":{"line":31,"column":5}}}},"statementMap":{"1":{"start":{"line":8,"column":8},"end":{"line":8,"column":33}},"2":{"start":{"line":9,"column":8},"end":{"line":9,"column":33}},"3":{"start":{"line":10,"column":8},"end":{"line":10,"column":32}},"4":{"start":{"line":11,"column":8},"end":{"line":11,"column":54}},"5":{"start":{"line":11,"column":34},"end":{"line":11,"column":53}},"6":{"start":{"line":13,"column":8},"end":{"line":13,"column":605}},"7":{"start":{"line":14,"column":12},"end":{"line":14,"column":655}},"8":{"start":{"line":15,"column":16},"end":{"line":15,"column":25}},"9":{"start":{"line":16,"column":17},"end":{"line":16,"column":716}},"10":{"start":{"line":17,"column":16},"end":{"line":17,"column":24}},"11":{"start":{"line":18,"column":8},"end":{"line":18,"column":763}},"12":{"start":{"line":19,"column":12},"end":{"line":19,"column":21}},"13":{"start":{"line":20,"column":13},"end":{"line":20,"column":824}},"14":{"start":{"line":21,"column":12},"end":{"line":21,"column":20}},"15":{"start":{"line":23,"column":12},"end":{"line":23,"column":20}},"16":{"start":{"line":27,"column":8},"end":{"line":27,"column":35}},"17":{"start":{"line":32,"column":5},"end":{"line":32,"column":37}},"18":{"start":{"line":33,"column":5},"end":{"line":33,"column":35}},"19":{"start":{"line":34,"column":5},"end":{"line":34,"column":1332}},"20":{"start":{"line":35,"column":6},"end":{"line":35,"column":15}},"21":{"start":{"line":36,"column":10},"end":{"line":36,"column":1417}},"22":{"start":{"line":37,"column":6},"end":{"line":37,"column":15}},"23":{"start":{"line":40,"column":6},"end":{"line":40,"column":22}},"24":{"start":{"line":41,"column":6},"end":{"line":41,"column":1666}},"25":{"start":{"line":43,"column":7},"end":{"line":43,"column":1719}},"26":{"start":{"line":45,"column":8},"end":{"line":45,"column":19}},"27":{"start":{"line":46,"column":8},"end":{"line":46,"column":1806}},"28":{"start":{"line":50,"column":8},"end":{"line":50,"column":2033}},"29":{"start":{"line":51,"column":9},"end":{"line":51,"column":22}},"30":{"start":{"line":54,"column":6},"end":{"line":54,"column":15}}},"branchMap":{"1":{"line":11,"type":"if","locations":[{"start":{"line":11,"column":8},"end":{"line":11,"column":8}},{"start":{"line":11,"column":8},"end":{"line":11,"column":8}}]},"2":{"line":14,"type":"if","locations":[{"start":{"line":14,"column":12},"end":{"line":14,"column":12}},{"start":{"line":14,"column":12},"end":{"line":14,"column":12}}]},"3":{"line":16,"type":"if","locations":[{"start":{"line":16,"column":17},"end":{"line":16,"column":17}},{"start":{"line":16,"column":17},"end":{"line":16,"column":17}}]},"4":{"line":18,"type":"if","locations":[{"start":{"line":18,"column":8},"end":{"line":18,"column":8}},{"start":{"line":18,"column":8},"end":{"line":18,"column":8}}]},"5":{"line":20,"type":"if","locations":[{"start":{"line":20,"column":13},"end":{"line":20,"column":13}},{"start":{"line":20,"column":13},"end":{"line":20,"column":13}}]},"6":{"line":34,"type":"if","locations":[{"start":{"line":34,"column":5},"end":{"line":34,"column":5}},{"start":{"line":34,"column":5},"end":{"line":34,"column":5}}]},"7":{"line":36,"type":"if","locations":[{"start":{"line":36,"column":10},"end":{"line":36,"column":10}},{"start":{"line":36,"column":10},"end":{"line":36,"column":10}}]},"8":{"line":43,"type":"if","locations":[{"start":{"line":43,"column":7},"end":{"line":43,"column":7}},{"start":{"line":43,"column":7},"end":{"line":43,"column":7}}]},"9":{"line":50,"type":"if","locations":[{"start":{"line":50,"column":8},"end":{"line":50,"column":8}},{"start":{"line":50,"column":8},"end":{"line":50,"column":8}}]}}},"contracts/TokenOptions.sol":{"l":{"33":12,"34":12,"35":12,"36":11,"37":11,"38":11,"39":11,"40":11,"41":11,"42":11,"43":11,"51":7,"53":6,"59":7,"60":6,"66":13,"67":12,"68":11,"70":10,"71":10,"72":10,"73":9,"75":9,"76":9,"78":9,"79":9,"81":6,"82":3,"83":3,"85":3,"89":9,"94":9,"95":8,"96":7,"97":6,"98":5,"100":4,"102":4,"104":3,"105":3,"107":3,"108":3,"109":2,"110":2,"117":8,"118":7,"119":6,"120":5,"121":4,"122":3,"124":2,"126":2,"128":2,"130":2,"132":2,"133":2,"134":1,"139":9,"140":8,"141":7,"142":4,"144":3,"146":5,"151":5,"152":2,"153":2,"155":3,"160":5,"161":4,"162":3,"164":2,"166":2,"167":1,"168":1,"171":2,"172":1},"path":"/home/peter/Documents/Work/MyBit/MyBit-Options.tech/contracts/TokenOptions.sol","s":{"1":12,"2":12,"3":12,"4":11,"5":11,"6":11,"7":11,"8":11,"9":11,"10":11,"11":11,"12":7,"13":6,"14":7,"15":6,"16":13,"17":12,"18":11,"19":10,"20":10,"21":10,"22":9,"23":9,"24":9,"25":9,"26":6,"27":3,"28":3,"29":9,"30":9,"31":8,"32":7,"33":6,"34":5,"35":4,"36":4,"37":3,"38":3,"39":3,"40":2,"41":8,"42":7,"43":6,"44":5,"45":4,"46":3,"47":2,"48":2,"49":2,"50":2,"51":2,"52":1,"53":9,"54":8,"55":7,"56":4,"57":3,"58":5,"59":5,"60":2,"61":3,"62":5,"63":4,"64":3,"65":2,"66":2,"67":1,"68":2,"69":1},"b":{"1":[11,1],"2":[6,1],"3":[6,1],"4":[12,1],"5":[11,1],"6":[10,1],"7":[9,1],"8":[6,3],"9":[3,3],"10":[8,1],"11":[7,1],"12":[6,1],"13":[5,1],"14":[4,1],"15":[3,1],"16":[2,1],"17":[7,1],"18":[6,1],"19":[5,1],"20":[4,1],"21":[3,1],"22":[2,1],"23":[1,1],"24":[8,1],"25":[7,1],"26":[4,3],"27":[3,1],"28":[2,1],"29":[2,3],"30":[4,1],"31":[3,1],"32":[2,1],"33":[1,1],"34":[1,1]},"f":{"1":12,"2":7,"3":7,"4":13,"5":9,"6":8,"7":9,"8":5},"fnMap":{"1":{"name":"createOption","line":32,"loc":{"start":{"line":32,"column":2},"end":{"line":32,"column":163}}},"2":{"name":"sellPut","line":47,"loc":{"start":{"line":47,"column":2},"end":{"line":49,"column":11}}},"3":{"name":"sellCall","line":57,"loc":{"start":{"line":57,"column":2},"end":{"line":58,"column":11}}},"4":{"name":"buyOption","line":63,"loc":{"start":{"line":63,"column":2},"end":{"line":65,"column":11}}},"5":{"name":"exercisePut","line":92,"loc":{"start":{"line":92,"column":2},"end":{"line":93,"column":11}}},"6":{"name":"exerciseCall","line":114,"loc":{"start":{"line":114,"column":2},"end":{"line":116,"column":11}}},"7":{"name":"cancelOption","line":138,"loc":{"start":{"line":138,"column":2},"end":{"line":138,"column":50}}},"8":{"name":"liquidateOption","line":159,"loc":{"start":{"line":159,"column":2},"end":{"line":159,"column":54}}}},"statementMap":{"1":{"start":{"line":33,"column":4},"end":{"line":33,"column":52}},"2":{"start":{"line":34,"column":4},"end":{"line":34,"column":88}},"3":{"start":{"line":35,"column":4},"end":{"line":35,"column":49}},"4":{"start":{"line":36,"column":4},"end":{"line":36,"column":39}},"5":{"start":{"line":37,"column":4},"end":{"line":37,"column":49}},"6":{"start":{"line":38,"column":4},"end":{"line":38,"column":37}},"7":{"start":{"line":39,"column":4},"end":{"line":39,"column":47}},"8":{"start":{"line":40,"column":4},"end":{"line":40,"column":39}},"9":{"start":{"line":41,"column":4},"end":{"line":41,"column":36}},"10":{"start":{"line":42,"column":4},"end":{"line":42,"column":43}},"11":{"start":{"line":43,"column":4},"end":{"line":43,"column":94}},"12":{"start":{"line":51,"column":4},"end":{"line":51,"column":65}},"13":{"start":{"line":53,"column":4},"end":{"line":53,"column":101}},"14":{"start":{"line":59,"column":4},"end":{"line":59,"column":81}},"15":{"start":{"line":60,"column":4},"end":{"line":60,"column":102}},"16":{"start":{"line":66,"column":4},"end":{"line":66,"column":41}},"17":{"start":{"line":67,"column":4},"end":{"line":67,"column":41}},"18":{"start":{"line":68,"column":4},"end":{"line":68,"column":48}},"19":{"start":{"line":70,"column":4},"end":{"line":70,"column":71}},"20":{"start":{"line":71,"column":4},"end":{"line":71,"column":28}},"21":{"start":{"line":72,"column":4},"end":{"line":72,"column":31}},"22":{"start":{"line":75,"column":4},"end":{"line":75,"column":38}},"23":{"start":{"line":76,"column":4},"end":{"line":76,"column":39}},"24":{"start":{"line":78,"column":4},"end":{"line":78,"column":58}},"25":{"start":{"line":79,"column":4},"end":{"line":79,"column":3173}},"26":{"start":{"line":81,"column":6},"end":{"line":81,"column":3253}},"27":{"start":{"line":82,"column":8},"end":{"line":82,"column":80}},"28":{"start":{"line":85,"column":8},"end":{"line":85,"column":45}},"29":{"start":{"line":89,"column":4},"end":{"line":89,"column":38}},"30":{"start":{"line":94,"column":4},"end":{"line":94,"column":41}},"31":{"start":{"line":95,"column":4},"end":{"line":95,"column":41}},"32":{"start":{"line":96,"column":4},"end":{"line":96,"column":49}},"33":{"start":{"line":97,"column":4},"end":{"line":97,"column":52}},"34":{"start":{"line":98,"column":4},"end":{"line":98,"column":48}},"35":{"start":{"line":100,"column":4},"end":{"line":100,"column":38}},"36":{"start":{"line":102,"column":4},"end":{"line":102,"column":110}},"37":{"start":{"line":104,"column":4},"end":{"line":104,"column":74}},"38":{"start":{"line":107,"column":4},"end":{"line":107,"column":58}},"39":{"start":{"line":108,"column":4},"end":{"line":108,"column":4411}},"40":{"start":{"line":109,"column":6},"end":{"line":109,"column":73}},"41":{"start":{"line":117,"column":4},"end":{"line":117,"column":41}},"42":{"start":{"line":118,"column":4},"end":{"line":118,"column":41}},"43":{"start":{"line":119,"column":4},"end":{"line":119,"column":49}},"44":{"start":{"line":120,"column":4},"end":{"line":120,"column":52}},"45":{"start":{"line":121,"column":4},"end":{"line":121,"column":48}},"46":{"start":{"line":122,"column":4},"end":{"line":122,"column":82}},"47":{"start":{"line":124,"column":4},"end":{"line":124,"column":38}},"48":{"start":{"line":126,"column":4},"end":{"line":126,"column":74}},"49":{"start":{"line":130,"column":4},"end":{"line":130,"column":41}},"50":{"start":{"line":132,"column":4},"end":{"line":132,"column":58}},"51":{"start":{"line":133,"column":4},"end":{"line":133,"column":5414}},"52":{"start":{"line":134,"column":6},"end":{"line":134,"column":43}},"53":{"start":{"line":139,"column":4},"end":{"line":139,"column":52}},"54":{"start":{"line":140,"column":4},"end":{"line":140,"column":41}},"55":{"start":{"line":141,"column":4},"end":{"line":141,"column":5692}},"56":{"start":{"line":142,"column":6},"end":{"line":142,"column":51}},"57":{"start":{"line":144,"column":6},"end":{"line":144,"column":52}},"58":{"start":{"line":146,"column":4},"end":{"line":146,"column":38}},"59":{"start":{"line":151,"column":4},"end":{"line":151,"column":6106}},"60":{"start":{"line":152,"column":6},"end":{"line":152,"column":94}},"61":{"start":{"line":155,"column":6},"end":{"line":155,"column":43}},"62":{"start":{"line":160,"column":4},"end":{"line":160,"column":53}},"63":{"start":{"line":161,"column":4},"end":{"line":161,"column":41}},"64":{"start":{"line":162,"column":4},"end":{"line":162,"column":41}},"65":{"start":{"line":164,"column":4},"end":{"line":164,"column":38}},"66":{"start":{"line":166,"column":4},"end":{"line":166,"column":6750}},"67":{"start":{"line":167,"column":6},"end":{"line":167,"column":94}},"68":{"start":{"line":171,"column":4},"end":{"line":171,"column":6997}},"69":{"start":{"line":172,"column":6},"end":{"line":172,"column":43}}},"branchMap":{"1":{"line":35,"type":"if","locations":[{"start":{"line":35,"column":4},"end":{"line":35,"column":4}},{"start":{"line":35,"column":4},"end":{"line":35,"column":4}}]},"2":{"line":51,"type":"if","locations":[{"start":{"line":51,"column":4},"end":{"line":51,"column":4}},{"start":{"line":51,"column":4},"end":{"line":51,"column":4}}]},"3":{"line":59,"type":"if","locations":[{"start":{"line":59,"column":4},"end":{"line":59,"column":4}},{"start":{"line":59,"column":4},"end":{"line":59,"column":4}}]},"4":{"line":66,"type":"if","locations":[{"start":{"line":66,"column":4},"end":{"line":66,"column":4}},{"start":{"line":66,"column":4},"end":{"line":66,"column":4}}]},"5":{"line":67,"type":"if","locations":[{"start":{"line":67,"column":4},"end":{"line":67,"column":4}},{"start":{"line":67,"column":4},"end":{"line":67,"column":4}}]},"6":{"line":68,"type":"if","locations":[{"start":{"line":68,"column":4},"end":{"line":68,"column":4}},{"start":{"line":68,"column":4},"end":{"line":68,"column":4}}]},"7":{"line":72,"type":"if","locations":[{"start":{"line":72,"column":4},"end":{"line":72,"column":4}},{"start":{"line":72,"column":4},"end":{"line":72,"column":4}}]},"8":{"line":79,"type":"if","locations":[{"start":{"line":79,"column":4},"end":{"line":79,"column":4}},{"start":{"line":79,"column":4},"end":{"line":79,"column":4}}]},"9":{"line":81,"type":"if","locations":[{"start":{"line":81,"column":6},"end":{"line":81,"column":6}},{"start":{"line":81,"column":6},"end":{"line":81,"column":6}}]},"10":{"line":94,"type":"if","locations":[{"start":{"line":94,"column":4},"end":{"line":94,"column":4}},{"start":{"line":94,"column":4},"end":{"line":94,"column":4}}]},"11":{"line":95,"type":"if","locations":[{"start":{"line":95,"column":4},"end":{"line":95,"column":4}},{"start":{"line":95,"column":4},"end":{"line":95,"column":4}}]},"12":{"line":96,"type":"if","locations":[{"start":{"line":96,"column":4},"end":{"line":96,"column":4}},{"start":{"line":96,"column":4},"end":{"line":96,"column":4}}]},"13":{"line":97,"type":"if","locations":[{"start":{"line":97,"column":4},"end":{"line":97,"column":4}},{"start":{"line":97,"column":4},"end":{"line":97,"column":4}}]},"14":{"line":98,"type":"if","locations":[{"start":{"line":98,"column":4},"end":{"line":98,"column":4}},{"start":{"line":98,"column":4},"end":{"line":98,"column":4}}]},"15":{"line":102,"type":"if","locations":[{"start":{"line":102,"column":4},"end":{"line":102,"column":4}},{"start":{"line":102,"column":4},"end":{"line":102,"column":4}}]},"16":{"line":108,"type":"if","locations":[{"start":{"line":108,"column":4},"end":{"line":108,"column":4}},{"start":{"line":108,"column":4},"end":{"line":108,"column":4}}]},"17":{"line":117,"type":"if","locations":[{"start":{"line":117,"column":4},"end":{"line":117,"column":4}},{"start":{"line":117,"column":4},"end":{"line":117,"column":4}}]},"18":{"line":118,"type":"if","locations":[{"start":{"line":118,"column":4},"end":{"line":118,"column":4}},{"start":{"line":118,"column":4},"end":{"line":118,"column":4}}]},"19":{"line":119,"type":"if","locations":[{"start":{"line":119,"column":4},"end":{"line":119,"column":4}},{"start":{"line":119,"column":4},"end":{"line":119,"column":4}}]},"20":{"line":120,"type":"if","locations":[{"start":{"line":120,"column":4},"end":{"line":120,"column":4}},{"start":{"line":120,"column":4},"end":{"line":120,"column":4}}]},"21":{"line":121,"type":"if","locations":[{"start":{"line":121,"column":4},"end":{"line":121,"column":4}},{"start":{"line":121,"column":4},"end":{"line":121,"column":4}}]},"22":{"line":122,"type":"if","locations":[{"start":{"line":122,"column":4},"end":{"line":122,"column":4}},{"start":{"line":122,"column":4},"end":{"line":122,"column":4}}]},"23":{"line":133,"type":"if","locations":[{"start":{"line":133,"column":4},"end":{"line":133,"column":4}},{"start":{"line":133,"column":4},"end":{"line":133,"column":4}}]},"24":{"line":139,"type":"if","locations":[{"start":{"line":139,"column":4},"end":{"line":139,"column":4}},{"start":{"line":139,"column":4},"end":{"line":139,"column":4}}]},"25":{"line":140,"type":"if","locations":[{"start":{"line":140,"column":4},"end":{"line":140,"column":4}},{"start":{"line":140,"column":4},"end":{"line":140,"column":4}}]},"26":{"line":141,"type":"if","locations":[{"start":{"line":141,"column":4},"end":{"line":141,"column":4}},{"start":{"line":141,"column":4},"end":{"line":141,"column":4}}]},"27":{"line":142,"type":"if","locations":[{"start":{"line":142,"column":6},"end":{"line":142,"column":6}},{"start":{"line":142,"column":6},"end":{"line":142,"column":6}}]},"28":{"line":144,"type":"if","locations":[{"start":{"line":144,"column":6},"end":{"line":144,"column":6}},{"start":{"line":144,"column":6},"end":{"line":144,"column":6}}]},"29":{"line":151,"type":"if","locations":[{"start":{"line":151,"column":4},"end":{"line":151,"column":4}},{"start":{"line":151,"column":4},"end":{"line":151,"column":4}}]},"30":{"line":160,"type":"if","locations":[{"start":{"line":160,"column":4},"end":{"line":160,"column":4}},{"start":{"line":160,"column":4},"end":{"line":160,"column":4}}]},"31":{"line":161,"type":"if","locations":[{"start":{"line":161,"column":4},"end":{"line":161,"column":4}},{"start":{"line":161,"column":4},"end":{"line":161,"column":4}}]},"32":{"line":162,"type":"if","locations":[{"start":{"line":162,"column":4},"end":{"line":162,"column":4}},{"start":{"line":162,"column":4},"end":{"line":162,"column":4}}]},"33":{"line":166,"type":"if","locations":[{"start":{"line":166,"column":4},"end":{"line":166,"column":4}},{"start":{"line":166,"column":4},"end":{"line":166,"column":4}}]},"34":{"line":171,"type":"if","locations":[{"start":{"line":171,"column":4},"end":{"line":171,"column":4}},{"start":{"line":171,"column":4},"end":{"line":171,"column":4}}]}}}}