TN:
SF:/home/peter/Documents/Work/MyBit/MyBit-Options.tech/contracts/ERC20.sol
FN:41,
FN:56,transfer
FN:71,transferFrom
FN:87,approve
FN:100,approveAndCall
FN:113,burn
FN:127,burnFrom
FN:142,totalSupply
FN:152,balanceOf
FN:162,allowance
FN:174,
FNF:11
FNH:10
FNDA:2,
FNDA:16,transfer
FNDA:14,transferFrom
FNDA:10,approve
FNDA:0,approveAndCall
FNDA:1,burn
FNDA:2,burnFrom
FNDA:2,totalSupply
FNDA:13,balanceOf
FNDA:3,allowance
FNDA:1,
DA:43,2
DA:44,2
DA:45,2
DA:46,2
DA:47,2
DA:48,2
DA:59,16
DA:60,15
DA:61,14
DA:62,13
DA:63,13
DA:64,13
DA:74,14
DA:75,13
DA:76,12
DA:77,12
DA:78,10
DA:79,10
DA:80,10
DA:90,10
DA:91,10
DA:92,10
DA:103,0
DA:104,0
DA:105,0
DA:106,0
DA:116,1
DA:117,1
DA:118,1
DA:119,1
DA:120,1
DA:130,2
DA:131,1
DA:132,1
DA:133,1
DA:134,1
DA:135,1
DA:136,1
DA:146,2
DA:156,13
DA:166,3
DA:177,1
LF:42
LH:38
BRDA:59,1,0,15
BRDA:59,1,1,1
BRDA:60,2,0,14
BRDA:60,2,1,1
BRDA:74,3,0,13
BRDA:74,3,1,1
BRDA:75,4,0,12
BRDA:75,4,1,1
BRDA:130,5,0,1
BRDA:130,5,1,1
BRF:10
BRH:10
end_of_record
TN:
SF:/home/peter/Documents/Work/MyBit/MyBit-Options.tech/contracts/interfaces/ERC20Interface.sol
FNF:0
FNH:0
LF:0
LH:0
BRF:0
BRH:0
end_of_record
TN:
SF:/home/peter/Documents/Work/MyBit/MyBit-Options.tech/contracts/MyBitBurner.sol
FN:18,
FN:27,burn
FN:39,authorizeBurner
FN:51,removeBurner
FN:62,
FN:73,onlyOwner
FNF:6
FNH:0
FNDA:0,
FNDA:0,burn
FNDA:0,authorizeBurner
FNDA:0,removeBurner
FNDA:0,
FNDA:0,onlyOwner
DA:20,0
DA:21,0
DA:30,0
DA:32,0
DA:33,0
DA:34,0
DA:43,0
DA:44,0
DA:45,0
DA:46,0
DA:55,0
DA:56,0
DA:57,0
DA:58,0
DA:65,0
DA:74,0
DA:75,0
LF:17
LH:0
BRDA:30,1,0,0
BRDA:30,1,1,0
BRDA:32,2,0,0
BRDA:32,2,1,0
BRDA:43,3,0,0
BRDA:43,3,1,0
BRDA:55,4,0,0
BRDA:55,4,1,0
BRDA:74,5,0,0
BRDA:74,5,1,0
BRF:10
BRH:0
end_of_record
TN:
SF:/home/peter/Documents/Work/MyBit/MyBit-Options.tech/contracts/MyBitDapp.sol
FN:16,
FN:22,closeContract
FN:29,changeMYBFee
FN:36,encode
FN:40,encode
FN:44,encode
FN:48,encode
FNF:7
FNH:2
FNDA:1,
FNDA:0,closeContract
FNDA:0,changeMYBFee
FNDA:0,encode
FNDA:0,encode
FNDA:0,encode
FNDA:12,encode
DA:17,1
DA:24,0
DA:25,0
DA:26,0
DA:31,0
DA:32,0
DA:37,0
DA:41,0
DA:45,0
DA:49,12
LF:10
LH:2
BRDA:24,1,0,0
BRDA:24,1,1,0
BRDA:25,2,0,0
BRDA:25,2,1,0
BRDA:31,3,0,0
BRDA:31,3,1,0
BRF:6
BRH:0
end_of_record
TN:
SF:/home/peter/Documents/Work/MyBit/MyBit-Options.tech/contracts/SafeMath.sol
FN:13,mul
FN:25,div
FN:35,sub
FN:43,add
FN:52,getFractionalAmount
FN:63,bytesToUint
FNF:6
FNH:6
FNDA:37,mul
FNDA:35,div
FNDA:59,sub
FNDA:37,add
FNDA:1,getFractionalAmount
FNDA:1,bytesToUint
DA:14,37
DA:15,1
DA:17,36
DA:18,36
DA:19,35
DA:29,35
DA:36,59
DA:37,55
DA:44,37
DA:45,37
DA:46,36
DA:56,1
DA:64,1
DA:65,1
DA:66,1
DA:68,1
LF:16
LH:16
BRDA:14,1,0,1
BRDA:14,1,1,36
BRDA:18,2,0,35
BRDA:18,2,1,1
BRDA:36,3,0,55
BRDA:36,3,1,4
BRDA:45,4,0,36
BRDA:45,4,1,1
BRF:8
BRH:8
end_of_record
TN:
SF:/home/peter/Documents/Work/MyBit/MyBit-Options.tech/contracts/SafeMathWrapper.sol
FN:9,multiply
FN:13,divide
FN:17,subtract
FN:21,addto
FN:25,fraction
FN:29,getUint
FNF:6
FNH:6
FNDA:3,multiply
FNDA:1,divide
FNDA:2,subtract
FNDA:2,addto
FNDA:1,fraction
FNDA:1,getUint
DA:10,3
DA:14,1
DA:18,2
DA:22,2
DA:26,1
DA:30,1
LF:6
LH:6
BRF:0
BRH:0
end_of_record
TN:
SF:/home/peter/Documents/Work/MyBit/MyBit-Options.tech/contracts/StringUtils.sol
FN:7,compare
FN:26,equal
FN:30,indexOf
FNF:3
FNH:2
FNDA:15,compare
FNDA:15,equal
FNDA:0,indexOf
DA:8,15
DA:9,15
DA:10,15
DA:11,15
DA:13,15
DA:14,30
DA:15,7
DA:17,1
DA:18,7
DA:19,0
DA:21,0
DA:23,7
DA:27,15
DA:32,0
DA:33,0
DA:34,0
DA:35,0
DA:37,0
DA:40,0
DA:41,0
DA:43,0
DA:45,0
DA:46,0
DA:48,0
DA:50,0
DA:51,0
DA:54,0
LF:27
LH:11
BRDA:11,1,0,7
BRDA:11,1,1,8
BRDA:14,2,0,7
BRDA:14,2,1,23
BRDA:16,3,0,1
BRDA:16,3,1,22
BRDA:18,4,0,0
BRDA:18,4,1,7
BRDA:20,5,0,0
BRDA:20,5,1,7
BRDA:34,6,0,0
BRDA:34,6,1,0
BRDA:36,7,0,0
BRDA:36,7,1,0
BRDA:43,8,0,0
BRDA:43,8,1,0
BRDA:50,9,0,0
BRDA:50,9,1,0
BRF:18
BRH:8
end_of_record
TN:
SF:/home/peter/Documents/Work/MyBit/MyBit-Options.tech/contracts/TokenOptions.sol
FN:32,createOption
FN:47,sellPut
FN:57,sellCall
FN:63,buyOption
FN:92,exercisePut
FN:114,exerciseCall
FN:138,cancelOption
FN:159,liquidateOption
FNF:8
FNH:8
FNDA:12,createOption
FNDA:7,sellPut
FNDA:7,sellCall
FNDA:13,buyOption
FNDA:9,exercisePut
FNDA:8,exerciseCall
FNDA:9,cancelOption
FNDA:5,liquidateOption
DA:33,12
DA:34,12
DA:35,12
DA:36,11
DA:37,11
DA:38,11
DA:39,11
DA:40,11
DA:41,11
DA:42,11
DA:43,11
DA:51,7
DA:53,6
DA:59,7
DA:60,6
DA:66,13
DA:67,12
DA:68,11
DA:70,10
DA:71,10
DA:72,10
DA:73,9
DA:75,9
DA:76,9
DA:78,9
DA:79,9
DA:81,6
DA:82,3
DA:83,3
DA:85,3
DA:89,9
DA:94,9
DA:95,8
DA:96,7
DA:97,6
DA:98,5
DA:100,4
DA:102,4
DA:104,3
DA:105,3
DA:107,3
DA:108,3
DA:109,2
DA:110,2
DA:117,8
DA:118,7
DA:119,6
DA:120,5
DA:121,4
DA:122,3
DA:124,2
DA:126,2
DA:128,2
DA:130,2
DA:132,2
DA:133,2
DA:134,1
DA:139,9
DA:140,8
DA:141,7
DA:142,4
DA:144,3
DA:146,5
DA:151,5
DA:152,2
DA:153,2
DA:155,3
DA:160,5
DA:161,4
DA:162,3
DA:164,2
DA:166,2
DA:167,1
DA:168,1
DA:171,2
DA:172,1
LF:76
LH:76
BRDA:35,1,0,11
BRDA:35,1,1,1
BRDA:51,2,0,6
BRDA:51,2,1,1
BRDA:59,3,0,6
BRDA:59,3,1,1
BRDA:66,4,0,12
BRDA:66,4,1,1
BRDA:67,5,0,11
BRDA:67,5,1,1
BRDA:68,6,0,10
BRDA:68,6,1,1
BRDA:72,7,0,9
BRDA:72,7,1,1
BRDA:79,8,0,6
BRDA:79,8,1,3
BRDA:81,9,0,3
BRDA:81,9,1,3
BRDA:94,10,0,8
BRDA:94,10,1,1
BRDA:95,11,0,7
BRDA:95,11,1,1
BRDA:96,12,0,6
BRDA:96,12,1,1
BRDA:97,13,0,5
BRDA:97,13,1,1
BRDA:98,14,0,4
BRDA:98,14,1,1
BRDA:102,15,0,3
BRDA:102,15,1,1
BRDA:108,16,0,2
BRDA:108,16,1,1
BRDA:117,17,0,7
BRDA:117,17,1,1
BRDA:118,18,0,6
BRDA:118,18,1,1
BRDA:119,19,0,5
BRDA:119,19,1,1
BRDA:120,20,0,4
BRDA:120,20,1,1
BRDA:121,21,0,3
BRDA:121,21,1,1
BRDA:122,22,0,2
BRDA:122,22,1,1
BRDA:133,23,0,1
BRDA:133,23,1,1
BRDA:139,24,0,8
BRDA:139,24,1,1
BRDA:140,25,0,7
BRDA:140,25,1,1
BRDA:141,26,0,4
BRDA:141,26,1,3
BRDA:142,27,0,3
BRDA:142,27,1,1
BRDA:144,28,0,2
BRDA:144,28,1,1
BRDA:151,29,0,2
BRDA:151,29,1,3
BRDA:160,30,0,4
BRDA:160,30,1,1
BRDA:161,31,0,3
BRDA:161,31,1,1
BRDA:162,32,0,2
BRDA:162,32,1,1
BRDA:166,33,0,1
BRDA:166,33,1,1
BRDA:171,34,0,1
BRDA:171,34,1,1
BRF:68
BRH:68
end_of_record
